TN:
SF:examples/coverage/src/lib.nr
FN:1,double
FN:5,add
FN:10,triple
FN:18,multi_line_function_decl
FNDA:0,double
FNDA:0,add
FNDA:0,triple
FNDA:0,multi_line_function_decl
FNF:4
FNH:0
DA:1,0
DA:2,0
DA:5,0
DA:6,0
DA:10,0
DA:11,0
DA:18,0
DA:31,0
DA:32,0
DA:33,0
DA:34,0
DA:35,0
DA:36,0
DA:37,0
DA:38,0
DA:39,0
DA:40,0
DA:41,0
LF:18
LH:0
end_of_record
TN:test_add
SF:examples/coverage/src/lib.nr
FN:5,add
FNDA:1,add
FNF:1
FNH:1
DA:5,1
DA:6,3
LF:2
LH:2
end_of_record
TN:test_double
SF:examples/coverage/src/lib.nr
FN:1,double
FNDA:1,double
FNF:1
FNH:1
DA:1,1
DA:2,3
LF:2
LH:2
end_of_record
