TN:
SF:src/lib.nr
FN:1,double
FN:5,add
FN:11,moo::triple
FN:20,multi_line_function_decl
FN:52,<u32 as Quadruple>::quadrupled
FN:52,<u64 as Quadruple>::quadrupled
FN:52,Quadruple::quadrupled
FN:58,<u32 as Quadruple>::doubled
FN:64,<u64 as Quadruple>::doubled
FNDA:0,double
FNDA:0,add
FNDA:0,moo::triple
FNDA:0,multi_line_function_decl
FNDA:0,<u32 as Quadruple>::quadrupled
FNDA:0,<u64 as Quadruple>::quadrupled
FNDA:0,Quadruple::quadrupled
FNDA:0,<u32 as Quadruple>::doubled
FNDA:0,<u64 as Quadruple>::doubled
FNF:9
FNH:0
DA:1,0
DA:2,0
DA:5,0
DA:6,0
DA:11,0
DA:12,0
DA:20,0
DA:33,0
DA:34,0
DA:35,0
DA:36,0
DA:37,0
DA:38,0
DA:39,0
DA:40,0
DA:41,0
DA:42,0
DA:43,0
DA:52,0
DA:53,0
DA:58,0
DA:59,0
DA:64,0
DA:65,0
LF:24
LH:0
end_of_record
TN:test_add
SF:src/lib.nr
FN:5,add
FNDA:1,add
FNF:1
FNH:1
DA:5,1
DA:6,3
LF:2
LH:2
end_of_record
TN:test_double
SF:src/lib.nr
FN:1,double
FNDA:1,double
FNF:1
FNH:1
DA:1,1
DA:2,3
LF:2
LH:2
end_of_record
TN:test_quadrupled
SF:src/lib.nr
FN:52,<u32 as Quadruple>::quadrupled
FN:52,<u64 as Quadruple>::quadrupled
FN:58,<u32 as Quadruple>::doubled
FN:64,<u64 as Quadruple>::doubled
FNDA:1,<u32 as Quadruple>::quadrupled
FNDA:1,<u64 as Quadruple>::quadrupled
FNDA:2,<u32 as Quadruple>::doubled
FNDA:2,<u64 as Quadruple>::doubled
FNF:4
FNH:4
DA:52,2
DA:53,10
DA:58,2
DA:59,6
DA:64,2
DA:65,6
LF:6
LH:6
end_of_record
